<?xml version="1.0" encoding="UTF-8"?>
<testng-results ignored="0" total="0" passed="0" failed="0" skipped="0">
  <reporter-output>
  </reporter-output>
  <suite started-at="2024-01-30T12:06:59 PKT" name="Default suite" finished-at="2024-01-30T12:07:01 PKT" duration-ms="2273">
    <groups>
    </groups>
    <test started-at="2024-01-30T12:06:59 PKT" name="Default test" finished-at="2024-01-30T12:07:01 PKT" duration-ms="2273">
      <class name="form.formTest">
        <test-method is-config="true" signature="setUp()[pri:0, instance:form.formTest@3d74bf60]" started-at="2024-01-30T12:06:59 PKT" name="setUp" finished-at="2024-01-30T12:07:01 PKT" duration-ms="1954" status="PASS">
          <reporter-output>
          </reporter-output>
        </test-method> <!-- setUp -->
        <test-method is-config="true" signature="tearDown()[pri:0, instance:form.formTest@3d74bf60]" started-at="2024-01-30T12:07:01 PKT" name="tearDown" finished-at="2024-01-30T12:07:01 PKT" duration-ms="297" status="PASS">
          <reporter-output>
          </reporter-output>
        </test-method> <!-- tearDown -->
      </class> <!-- form.formTest -->
    </test> <!-- Default test -->
  </suite> <!-- Default suite -->
</testng-results>
